2017-05-22 23:35:53,802 [      0]   INFO -        #com.intellij.idea.Main - ------------------------------------------------------ IDE STARTED ------------------------------------------------------ 
2017-05-22 23:35:53,808 [      6]   INFO -        #com.intellij.idea.Main - IDE: PhpStorm (build #PS-171.4694.2, 16 May 2017 11:46) 
2017-05-22 23:35:53,808 [      6]   INFO -        #com.intellij.idea.Main - OS: Linux (4.8.0-52-generic, amd64) 
2017-05-22 23:35:53,808 [      6]   INFO -        #com.intellij.idea.Main - JRE: 1.8.0_112-release-736-b21 (JetBrains s.r.o) 
2017-05-22 23:35:53,808 [      6]   INFO -        #com.intellij.idea.Main - JVM: 25.112-b21 (OpenJDK 64-Bit Server VM) 
2017-05-22 23:35:53,810 [      8]   INFO -        #com.intellij.idea.Main - JVM Args: -Xbootclasspath/a:../lib/boot.jar -Xms128m -Xmx750m -XX:ReservedCodeCacheSize=240m -XX:+UseConcMarkSweepGC -XX:SoftRefLRUPolicyMSPerMB=50 -ea -Dsun.io.useCanonCaches=false -Djava.net.preferIPv4Stack=true -XX:+HeapDumpOnOutOfMemoryError -XX:-OmitStackTraceInFastThrow -Dawt.useSystemAAFontSettings=lcd -Dsun.java2d.renderer=sun.java2d.marlin.MarlinRenderingEngine -XX:ErrorFile=/home/mixta/java_error_in_PHPSTORM_%p.log -XX:HeapDumpPath=/home/mixta/java_error_in_PHPSTORM.hprof -Didea.paths.selector=PhpStorm2017.1 -Djb.vmOptionsFile=./phpstorm64.vmoptions -Didea.platform.prefix=PhpStorm -Didea.jre.check=true 
2017-05-22 23:35:53,810 [      8]   INFO -        #com.intellij.idea.Main - ext: /home/mixta/Téléchargements/PhpStorm-171.4694.2/jre64/lib/ext: [zipfs.jar, localedata.jar, sunjce_provider.jar, cldrdata.jar, meta-index, dnsns.jar, sunpkcs11.jar, nashorn.jar, jaccess.jar, jfxrt.jar, sunec.jar] 
2017-05-22 23:35:53,810 [      8]   INFO -        #com.intellij.idea.Main - JNU charset: UTF-8 
2017-05-22 23:35:53,825 [     23]   INFO -        #com.intellij.idea.Main - JNA library (64-bit) loaded in 15 ms 
2017-05-22 23:37:17,618 [  83816]   INFO - .intellij.idea.IdeaApplication - WM detected: Xfwm4 
2017-05-22 23:37:17,810 [  84008]   INFO - llij.ide.plugins.PluginManager - Cannot find optional descriptor uml-java-support.xml 
2017-05-22 23:37:17,812 [  84010]   INFO - llij.ide.plugins.PluginManager - Cannot find optional descriptor uml-properties-support.xml 
2017-05-22 23:37:17,903 [  84101]   INFO - llij.ide.plugins.PluginManager - Cannot find optional descriptor plugin-intelliLang.xml 
2017-05-22 23:37:17,958 [  84156]   INFO - llij.ide.plugins.PluginManager - Cannot find optional descriptor js-nashorn-support.xml 
2017-05-22 23:37:18,216 [  84414]   INFO - llij.ide.plugins.PluginManager - 63 plugins initialized in 523 ms 
2017-05-22 23:37:18,217 [  84415]   INFO - llij.ide.plugins.PluginManager - Loaded bundled plugins: ASP (0.1), AngularJS (171.4694.2), Apache config (.htaccess) support (171.4694.2), Behat Support (171.4694.2), Blade Support (171.4694.2), CSS Support (171.4694.2), CVS Integration (11), Codeception Framework (171.4694.2), CoffeeScript (2.0), Command Line Tool Support (171.4694.2), Copyright (8.1), Database Tools and SQL (1.0), Docker integration (2.5.3.1), Drupal Support (171.4694.2), File Watchers (171.4694.2), GNU GetText files support (*.po) (171.4694.2), Gherkin (999.999), Git Integration (8.1), GitHub (171.4694.2), Google App Engine Support for PHP (171.4694.2), HTML Tools (2.0), Haml (171.4694.2), IDEA CORE (171.4694.2), Ini4Idea (171.4694.2), IntelliLang (8.0), JavaScript Debugger (1.0), JavaScript Intention Power Pack (0.9.4), JavaScript Support (1.0), Joomla! Support (171.4694.2), Less support (171.4694.2), Markdown support (VERSION), NodeJS (171.4694.2), PHP (171.4694.2), PHP Docker (171.4694.2), PHP Remote Interpreter (171.4694.2), PHPSpec BDD Framework (171.4694.2), Perforce Integration (2.0), Performance Testing (171.4694.2), Phing Support (171.4694.2), PhpStorm Workshop (171.4694.2), QuirksMode (171.4694.2), REST Client (171.4694.2), ReStructuredText Support (171.4694.2), Refactor-X (2.01), Remote Hosts Access (0.1), SSH Remote Run (0.1), Sass support (171.4694.2), Settings Repository (171.4694.2), Subversion Integration (1.1), Task Management (1.0), Terminal (0.1), TextMate bundles support (VERSION), Time Tracking (1.0), Twig Support (171.4694.2), UML Support (1.0), Vagrant (171.4694.2), W3C Validators (2.0), WordPress Support (171.4694.2), XPathView + XSLT Support (4), XSLT-Debugger (1.4), YAML (171.4694.2), hg4idea (10.0), tslint (171.4694.2) 
2017-05-22 23:37:18,620 [  84818]   INFO - ellij.vfs.persistent.FSRecords - Marking VFS as corrupted: '/home/mixta/.PhpStorm2017.1/system/caches/names.dat' does not exist 
2017-05-22 23:37:18,622 [  84820]   INFO - ellij.util.io.PagedFileStorage - lower=100; upper=500; buffer=10; max=705 
2017-05-22 23:37:18,654 [  84852]   INFO - pl.local.NativeFileWatcherImpl - Starting file watcher: /home/mixta/Téléchargements/PhpStorm-171.4694.2/bin/fsnotifier64 
2017-05-22 23:37:18,665 [  84863]   INFO - pl.local.NativeFileWatcherImpl - Native file watcher is operational. 
2017-05-22 23:37:19,341 [  85539]   INFO - .history.utils.LocalHistoryLog - local history version mismatch (was: 0, expected: 6), rebuilding... 
2017-05-22 23:37:19,341 [  85539]   INFO - .history.utils.LocalHistoryLog - FS has been rebuild, rebuilding local history... 
2017-05-22 23:37:19,429 [  85627]   INFO - til.net.ssl.CertificateManager - Default SSL context initialized 
2017-05-22 23:37:19,453 [  85651]   INFO - rains.ide.BuiltInServerManager - built-in server started, port 63342 
2017-05-22 23:37:19,480 [  85678]   INFO - gs.impl.UpdateCheckerComponent - channel: release 
2017-05-22 23:37:19,587 [  85785]   INFO - il.indexing.FileBasedIndexImpl - Index exts enumerated:41 
2017-05-22 23:37:19,591 [  85789]   INFO - il.indexing.FileBasedIndexImpl - Index scheduled:4 
2017-05-22 23:37:19,618 [  85816]   INFO - tellij.psi.stubs.StubIndexImpl - All stub exts enumerated:23 
2017-05-22 23:37:19,618 [  85816]   INFO - tellij.psi.stubs.StubIndexImpl - stub exts update scheduled:0 
2017-05-22 23:37:19,646 [  85844]   INFO - j.ide.script.IdeStartupScripts - 0 startup script(s) found 
2017-05-22 23:37:19,729 [  85927]   INFO - plication.impl.ApplicationImpl - 80 application components initialized in 2040ms 
2017-05-22 23:37:19,732 [  85930]   INFO - .intellij.idea.IdeaApplication - App initialization took 95946 ms 
2017-05-22 23:37:19,932 [  86130]   INFO - ij.psi.stubs.StubUpdatingIndex - Following new file types will be indexed:Twig,Flow,CSS,JSX Harmony,TypeScript JSX,XML,HTML,TypeScript,SCSS,SQL,ECMAScript 6,Sass,Literate CoffeeScript,ActionScript,CoffeeScript,Less,JavaScript,PHP,Ini,htaccess 
2017-05-22 23:37:20,148 [  86346]   INFO - pl$FileIndexDataInitialization - Initialization done:557 
2017-05-22 23:37:20,341 [  86539]   INFO - exImpl$StubIndexInitialization - Initialization done:192 
2017-05-22 23:37:20,727 [  86925]   INFO - ellij.project.impl.ProjectImpl - 20 project components initialized in 209 ms 
2017-05-22 23:37:21,204 [  87402]   INFO - .openapi.application.Preloader - Finished preloading com.intellij.openapi.actionSystem.impl.ActionPreloader@d23e6ec 
2017-05-22 23:37:21,567 [  87765]   INFO - .openapi.application.Preloader - Finished preloading com.intellij.ide.ui.search.SearchableOptionPreloader@6f199bb0 
2017-05-22 23:37:21,788 [  87986]   INFO - .openapi.application.Preloader - Finished preloading com.intellij.codeInsight.completion.CompletionPreloader@1ec1eff1 
2017-05-22 23:37:24,085 [  90283]   INFO - ction.BrowserConnectionManager - Browser connected: version 2.0.9, Mozilla/5.0 (X11; Linux x86_64) AppleWebKit/537.36 (KHTML, like Gecko) Chrome/58.0.3029.110 Safari/537.36 
2017-05-22 23:37:50,627 [ 116825]   INFO - stubs.SerializationManagerImpl - START StubSerializationManager SHUTDOWN 
2017-05-22 23:37:50,628 [ 116826]   INFO - stubs.SerializationManagerImpl - END StubSerializationManager SHUTDOWN 
2017-05-22 23:37:50,631 [ 116829]   INFO - org.jetbrains.io.BuiltInServer - web server stopped 
2017-05-22 23:37:50,633 [ 116831]   INFO - Types.impl.FileTypeManagerImpl - FileTypeManager: 0 auto-detected files
Elapsed time on auto-detect: 0 ms 
2017-05-22 23:37:50,642 [ 116840]   INFO - pl.local.NativeFileWatcherImpl - Watcher terminated with exit code 0 
2017-05-22 23:37:51,081 [ 117279]   INFO - il.indexing.FileBasedIndexImpl - START INDEX SHUTDOWN 
2017-05-22 23:37:51,180 [ 117378]   INFO - il.indexing.FileBasedIndexImpl - END INDEX SHUTDOWN 
2017-05-22 23:37:51,180 [ 117378]   INFO - newvfs.persistent.PersistentFS - VFS dispose started 
2017-05-22 23:37:51,184 [ 117382]   INFO - newvfs.persistent.PersistentFS - VFS dispose completed 
2017-05-22 23:37:51,187 [ 117385]   INFO -        #com.intellij.idea.Main - ------------------------------------------------------ IDE SHUTDOWN ------------------------------------------------------ 
2017-05-22 23:37:51,188 [ 117386]   INFO - org.jetbrains.io.BuiltInServer - web server stopped 
